SF:C:\Users\Anton\Google Drive\ITU\3. semester\BDSA\Projects\BDSA_Assignment5\Assignment5\GildedRose\Program.cs
FN:9,System.Void GildedRose.Program::Main(System.String[])
FNDA:1,System.Void GildedRose.Program::Main(System.String[])
DA:10,1
DA:11,1
DA:13,1
DA:14,1
DA:15,1
DA:16,1
DA:17,1
DA:18,1
DA:19,1
DA:20,1
DA:21,1
DA:22,1
DA:23,1
DA:24,1
DA:25,1
DA:26,1
DA:27,1
DA:28,1
DA:29,1
DA:30,1
DA:31,1
DA:32,1
DA:33,1
DA:34,1
DA:35,1
DA:36,1
DA:37,1
DA:38,1
DA:39,1
DA:40,1
DA:41,1
DA:42,1
DA:43,1
DA:44,1
DA:46,64
DA:47,31
DA:48,31
DA:49,31
DA:50,620
DA:51,279
DA:52,279
DA:53,279
DA:54,31
DA:55,31
DA:56,31
DA:58,1
BRDA:46,619,1,31
BRDA:50,582,1,279
BRDA:50,582,0,31
BRDA:46,619,0,1
FN:60,System.Void GildedRose.Program::UpdateQuality()
FNDA:44,System.Void GildedRose.Program::UpdateQuality()
DA:61,44
DA:62,672
DA:63,292
DA:64,292
DA:65,161
DA:66,161
DA:67,93
DA:68,93
DA:69,29
DA:70,29
DA:71,29
DA:72,93
DA:73,161
DA:75,131
DA:76,131
DA:77,109
DA:78,109
DA:80,109
DA:81,81
DA:82,81
DA:83,75
DA:84,75
DA:85,73
DA:86,73
DA:87,73
DA:88,75
DA:90,81
DA:91,68
DA:92,68
DA:93,67
DA:94,67
DA:95,67
DA:96,68
DA:97,81
DA:98,109
DA:99,131
DA:101,292
DA:102,228
DA:103,228
DA:104,228
DA:106,292
DA:107,202
DA:108,202
DA:109,172
DA:110,172
DA:111,108
DA:112,108
DA:113,40
DA:114,40
DA:115,8
DA:116,8
DA:117,8
DA:118,40
DA:119,108
DA:121,64
DA:122,64
DA:123,64
DA:124,172
DA:126,30
DA:127,30
DA:128,25
DA:129,25
DA:130,25
DA:131,30
DA:132,202
DA:133,292
DA:134,44
BRDA:62,899,1,292
BRDA:64,36,0,258
BRDA:64,36,1,34
BRDA:64,70,0,161
BRDA:66,95,0,93
BRDA:68,127,0,29
BRDA:68,127,1,93
BRDA:66,95,1,161
BRDA:64,70,1,131
BRDA:76,201,0,109
BRDA:80,275,0,81
BRDA:82,306,0,75
BRDA:84,334,0,73
BRDA:84,334,1,75
BRDA:82,306,1,81
BRDA:90,400,0,68
BRDA:92,428,0,67
BRDA:92,428,1,68
BRDA:90,400,1,81
BRDA:80,275,1,109
BRDA:76,201,1,131
BRDA:101,504,0,228
BRDA:101,504,1,292
BRDA:106,569,0,202
BRDA:108,606,0,172
BRDA:110,643,0,108
BRDA:112,670,0,40
BRDA:114,704,0,8
BRDA:114,704,1,40
BRDA:112,670,1,108
BRDA:110,643,1,64
BRDA:108,606,1,30
BRDA:127,833,0,25
BRDA:127,833,1,30
BRDA:106,569,1,292
BRDA:62,899,0,44
FN:139,System.String GildedRose.Item::get_Name()
FNDA:1759,System.String GildedRose.Item::get_Name()
DA:140,1759
FN:141,System.Int32 GildedRose.Item::get_SellIn()
FNDA:1224,System.Int32 GildedRose.Item::get_SellIn()
DA:142,1224
FN:143,System.Int32 GildedRose.Item::get_Quality()
FNDA:1701,System.Int32 GildedRose.Item::get_Quality()
DA:144,1701
LF:116
LH:116
BRF:40
BRH:40
FNF:5
FNH:5
end_of_record